C:\USERS\SAURABH\DOCUMENTS\VISUAL STUDIO 2010\PROJECTS\DS\DEBUG\DS.EXE
C:\USERS\SAURABH\DOCUMENTS\VISUAL STUDIO 2010\PROJECTS\DS\DEBUG\DS.ILK
C:\USERS\SAURABH\DOCUMENTS\VISUAL STUDIO 2010\PROJECTS\DS\DEBUG\DS.PDB
C:\USERS\SAURABH\DOCUMENTS\VISUAL STUDIO 2010\PROJECTS\DS\DS\DEBUG\.NETFRAMEWORK,VERSION=V4.0.ASSEMBLYATTRIBUTES.OBJ
C:\USERS\SAURABH\DOCUMENTS\VISUAL STUDIO 2010\PROJECTS\DS\DS\DEBUG\APP.RES
C:\USERS\SAURABH\DOCUMENTS\VISUAL STUDIO 2010\PROJECTS\DS\DS\DEBUG\ASSEMBLYINFO.OBJ
C:\Users\Saurabh\Documents\Visual Studio 2010\Projects\ds\ds\Debug\cl.command.1.tlog
C:\Users\Saurabh\Documents\Visual Studio 2010\Projects\ds\ds\Debug\CL.read.1.tlog
C:\Users\Saurabh\Documents\Visual Studio 2010\Projects\ds\ds\Debug\CL.write.1.tlog
C:\USERS\SAURABH\DOCUMENTS\VISUAL STUDIO 2010\PROJECTS\DS\DS\DEBUG\DS.EXE.INTERMEDIATE.MANIFEST
C:\Users\Saurabh\Documents\Visual Studio 2010\Projects\ds\ds\Debug\ds.obj
C:\USERS\SAURABH\DOCUMENTS\VISUAL STUDIO 2010\PROJECTS\DS\DS\DEBUG\DS.PCH
C:\Users\Saurabh\Documents\Visual Studio 2010\Projects\ds\ds\Debug\ds.write.1.tlog
C:\USERS\SAURABH\DOCUMENTS\VISUAL STUDIO 2010\PROJECTS\DS\DS\DEBUG\DSS.OBJ
C:\Users\Saurabh\Documents\Visual Studio 2010\Projects\ds\ds\Debug\link.1740.read.1.tlog
C:\Users\Saurabh\Documents\Visual Studio 2010\Projects\ds\ds\Debug\link.1740.write.1.tlog
C:\Users\Saurabh\Documents\Visual Studio 2010\Projects\ds\ds\Debug\link.1740-cvtres.read.1.tlog
C:\Users\Saurabh\Documents\Visual Studio 2010\Projects\ds\ds\Debug\link.1740-cvtres.write.1.tlog
C:\Users\Saurabh\Documents\Visual Studio 2010\Projects\ds\ds\Debug\link.2772.read.1.tlog
C:\Users\Saurabh\Documents\Visual Studio 2010\Projects\ds\ds\Debug\link.2772.write.1.tlog
C:\Users\Saurabh\Documents\Visual Studio 2010\Projects\ds\ds\Debug\link.2772-cvtres.read.1.tlog
C:\Users\Saurabh\Documents\Visual Studio 2010\Projects\ds\ds\Debug\link.2772-cvtres.write.1.tlog
C:\Users\Saurabh\Documents\Visual Studio 2010\Projects\ds\ds\Debug\link.3056.read.1.tlog
C:\Users\Saurabh\Documents\Visual Studio 2010\Projects\ds\ds\Debug\link.3056.write.1.tlog
C:\Users\Saurabh\Documents\Visual Studio 2010\Projects\ds\ds\Debug\link.3056-cvtres.read.1.tlog
C:\Users\Saurabh\Documents\Visual Studio 2010\Projects\ds\ds\Debug\link.3056-cvtres.write.1.tlog
C:\Users\Saurabh\Documents\Visual Studio 2010\Projects\ds\ds\Debug\link.3640.read.1.tlog
C:\Users\Saurabh\Documents\Visual Studio 2010\Projects\ds\ds\Debug\link.3640.write.1.tlog
C:\Users\Saurabh\Documents\Visual Studio 2010\Projects\ds\ds\Debug\link.3640-cvtres.read.1.tlog
C:\Users\Saurabh\Documents\Visual Studio 2010\Projects\ds\ds\Debug\link.3640-cvtres.write.1.tlog
C:\Users\Saurabh\Documents\Visual Studio 2010\Projects\ds\ds\Debug\link.460.read.1.tlog
C:\Users\Saurabh\Documents\Visual Studio 2010\Projects\ds\ds\Debug\link.460.write.1.tlog
C:\Users\Saurabh\Documents\Visual Studio 2010\Projects\ds\ds\Debug\link.460-cvtres.read.1.tlog
C:\Users\Saurabh\Documents\Visual Studio 2010\Projects\ds\ds\Debug\link.460-cvtres.write.1.tlog
C:\Users\Saurabh\Documents\Visual Studio 2010\Projects\ds\ds\Debug\link.5616.read.1.tlog
C:\Users\Saurabh\Documents\Visual Studio 2010\Projects\ds\ds\Debug\link.5616.write.1.tlog
C:\Users\Saurabh\Documents\Visual Studio 2010\Projects\ds\ds\Debug\link.5616-cvtres.read.1.tlog
C:\Users\Saurabh\Documents\Visual Studio 2010\Projects\ds\ds\Debug\link.5616-cvtres.write.1.tlog
C:\Users\Saurabh\Documents\Visual Studio 2010\Projects\ds\ds\Debug\link.5868.read.1.tlog
C:\Users\Saurabh\Documents\Visual Studio 2010\Projects\ds\ds\Debug\link.5868.write.1.tlog
C:\Users\Saurabh\Documents\Visual Studio 2010\Projects\ds\ds\Debug\link.5868-cvtres.read.1.tlog
C:\Users\Saurabh\Documents\Visual Studio 2010\Projects\ds\ds\Debug\link.5868-cvtres.write.1.tlog
C:\Users\Saurabh\Documents\Visual Studio 2010\Projects\ds\ds\Debug\link.command.1.tlog
C:\Users\Saurabh\Documents\Visual Studio 2010\Projects\ds\ds\Debug\link.read.1.tlog
C:\Users\Saurabh\Documents\Visual Studio 2010\Projects\ds\ds\Debug\link.write.1.tlog
C:\Users\Saurabh\Documents\Visual Studio 2010\Projects\ds\ds\Debug\mt.command.1.tlog
C:\Users\Saurabh\Documents\Visual Studio 2010\Projects\ds\ds\Debug\mt.read.1.tlog
C:\Users\Saurabh\Documents\Visual Studio 2010\Projects\ds\ds\Debug\mt.write.1.tlog
C:\Users\Saurabh\Documents\Visual Studio 2010\Projects\ds\ds\Debug\rc.command.1.tlog
C:\Users\Saurabh\Documents\Visual Studio 2010\Projects\ds\ds\Debug\rc.read.1.tlog
C:\Users\Saurabh\Documents\Visual Studio 2010\Projects\ds\ds\Debug\rc.write.1.tlog
C:\USERS\SAURABH\DOCUMENTS\VISUAL STUDIO 2010\PROJECTS\DS\DS\DEBUG\STDAFX.OBJ
C:\USERS\SAURABH\DOCUMENTS\VISUAL STUDIO 2010\PROJECTS\DS\DS\DEBUG\VC100.PDB
